生成启动时间为 2016/6/25 20:33:46。
     1>项目“E:\gitcode\FileCompress_6_10\FileCompress\FileCompress.vcxproj”在节点 2 上(Build 个目标)。
     1>ClCompile:
         D:\Program Files (x86)\Microsoft Visual Studio 12.0\VC\bin\CL.exe /c /Zi /nologo /W3 /WX- /sdl /O2 /Oi /Oy- /GL /D _CRT_SECURE_NO_WARNINGS /D _MBCS /Gm- /EHsc /MD /GS /Gy /fp:precise /Zc:wchar_t /Zc:forScope /Fo"Release\\" /Fd"Release\vc120.pdb" /Gd /TP /analyze- /errorReport:prompt test.cpp
         test.cpp
     1>e:\gitcode\filecompress_6_10\filecompress\Heap.h(213): warning C4018: “<”: 有符号/无符号不匹配
     1>e:\gitcode\filecompress_6_10\filecompress\HuffmanTree.h(37): warning C4018: “<”: 有符号/无符号不匹配
                 e:\gitcode\filecompress_6_10\filecompress\HuffmanTree.h(26): 编译类 模板 成员函数“HuffmanTree<charInfo>::HuffmanTree(const T *,size_t,const T)”时
                 with
                 [
                     T=charInfo
                 ]
                 e:\gitcode\filecompress_6_10\filecompress\FileCompress.h(62): 参见对正在编译的函数 模板 实例化“HuffmanTree<charInfo>::HuffmanTree(const T *,size_t,const T)”的引用
                 with
                 [
                     T=charInfo
                 ]
                 e:\gitcode\filecompress_6_10\filecompress\FileCompress.h(62): 参见对正在编译的类 模板 实例化“HuffmanTree<charInfo>”的引用
       Link:
         D:\Program Files (x86)\Microsoft Visual Studio 12.0\VC\bin\link.exe /ERRORREPORT:PROMPT /OUT:"E:\gitcode\FileCompress_6_10\Release\FileCompress_6_10.exe" /NOLOGO kernel32.lib user32.lib gdi32.lib winspool.lib comdlg32.lib advapi32.lib shell32.lib ole32.lib oleaut32.lib uuid.lib odbc32.lib odbccp32.lib /MANIFEST /MANIFESTUAC:"level='asInvoker' uiAccess='false'" /manifest:embed /DEBUG /PDB:"E:\gitcode\FileCompress_6_10\Release\FileCompress_6_10.pdb" /OPT:REF /OPT:ICF /LTCG /TLBID:1 /DYNAMICBASE /NXCOMPAT /IMPLIB:"E:\gitcode\FileCompress_6_10\Release\FileCompress_6_10.lib" /MACHINE:X86 /SAFESEH Release\test.obj
         正在生成代码
         已完成代码的生成
         FileCompress.vcxproj -> E:\gitcode\FileCompress_6_10\Release\FileCompress_6_10.exe
     1>已完成生成项目“E:\gitcode\FileCompress_6_10\FileCompress\FileCompress.vcxproj”(Build 个目标)的操作。

生成成功。

已用时间 00:00:04.55
